{"E:\\Microverse_codes\\To-Do-List\\src\\__Mocks__\\add-Mock.js": {"path":"E:\\Microverse_codes\\To-Do-List\\src\\__Mocks__\\add-Mock.js","statementMap":{"0":{"start":{"line":3,"column":16},"end":{"line":15,"column":1}},"1":{"start":{"line":4,"column":16},"end":{"line":4,"column":48}},"2":{"start":{"line":5,"column":18},"end":{"line":9,"column":3}},"3":{"start":{"line":11,"column":2},"end":{"line":11,"column":22}},"4":{"start":{"line":12,"column":2},"end":{"line":12,"column":46}},"5":{"start":{"line":14,"column":2},"end":{"line":14,"column":15}}},"fnMap":{"0":{"name":"(anonymous_0)","decl":{"start":{"line":3,"column":16},"end":{"line":3,"column":17}},"loc":{"start":{"line":3,"column":27},"end":{"line":15,"column":1}},"line":3}},"branchMap":{},"s":{"0":1,"1":2,"2":2,"3":2,"4":2,"5":2},"f":{"0":2},"b":{},"_coverageSchema":"1a1c01bbd47fc00a2c39e90264f33305004495a9","hash":"94ad9dcf70a611a02ab6a452ed5b8a679357aff4"}
,"E:\\Microverse_codes\\To-Do-List\\src\\__Mocks__\\clearCompleted-Mock.js": {"path":"E:\\Microverse_codes\\To-Do-List\\src\\__Mocks__\\clearCompleted-Mock.js","statementMap":{"0":{"start":{"line":3,"column":23},"end":{"line":10,"column":1}},"1":{"start":{"line":4,"column":2},"end":{"line":4,"column":50}},"2":{"start":{"line":4,"column":33},"end":{"line":4,"column":48}},"3":{"start":{"line":5,"column":2},"end":{"line":7,"column":5}},"4":{"start":{"line":6,"column":4},"end":{"line":6,"column":23}},"5":{"start":{"line":8,"column":2},"end":{"line":8,"column":46}},"6":{"start":{"line":9,"column":2},"end":{"line":9,"column":15}}},"fnMap":{"0":{"name":"(anonymous_0)","decl":{"start":{"line":3,"column":23},"end":{"line":3,"column":24}},"loc":{"start":{"line":3,"column":34},"end":{"line":10,"column":1}},"line":3},"1":{"name":"(anonymous_1)","decl":{"start":{"line":4,"column":23},"end":{"line":4,"column":24}},"loc":{"start":{"line":4,"column":33},"end":{"line":4,"column":48}},"line":4},"2":{"name":"(anonymous_2)","decl":{"start":{"line":5,"column":16},"end":{"line":5,"column":17}},"loc":{"start":{"line":5,"column":29},"end":{"line":7,"column":3}},"line":5}},"branchMap":{},"s":{"0":1,"1":1,"2":4,"3":1,"4":2,"5":1,"6":1},"f":{"0":1,"1":4,"2":2},"b":{},"_coverageSchema":"1a1c01bbd47fc00a2c39e90264f33305004495a9","hash":"7856a16ee95fa9b189c99ac3233cbbb63830dabb"}
,"E:\\Microverse_codes\\To-Do-List\\src\\__Mocks__\\completed-Mock.js": {"path":"E:\\Microverse_codes\\To-Do-List\\src\\__Mocks__\\completed-Mock.js","statementMap":{"0":{"start":{"line":3,"column":22},"end":{"line":7,"column":1}},"1":{"start":{"line":4,"column":2},"end":{"line":4,"column":32}},"2":{"start":{"line":5,"column":2},"end":{"line":5,"column":46}},"3":{"start":{"line":6,"column":2},"end":{"line":6,"column":15}}},"fnMap":{"0":{"name":"(anonymous_0)","decl":{"start":{"line":3,"column":22},"end":{"line":3,"column":23}},"loc":{"start":{"line":3,"column":40},"end":{"line":7,"column":1}},"line":3}},"branchMap":{},"s":{"0":1,"1":1,"2":1,"3":1},"f":{"0":1},"b":{},"_coverageSchema":"1a1c01bbd47fc00a2c39e90264f33305004495a9","hash":"a65ea2660aefcc7b987cd8bf8791df1981668a0b"}
,"E:\\Microverse_codes\\To-Do-List\\src\\__Mocks__\\deleteMock.js": {"path":"E:\\Microverse_codes\\To-Do-List\\src\\__Mocks__\\deleteMock.js","statementMap":{"0":{"start":{"line":3,"column":22},"end":{"line":10,"column":1}},"1":{"start":{"line":4,"column":2},"end":{"line":4,"column":25}},"2":{"start":{"line":5,"column":2},"end":{"line":7,"column":5}},"3":{"start":{"line":6,"column":4},"end":{"line":6,"column":23}},"4":{"start":{"line":8,"column":2},"end":{"line":8,"column":46}},"5":{"start":{"line":9,"column":2},"end":{"line":9,"column":15}}},"fnMap":{"0":{"name":"(anonymous_0)","decl":{"start":{"line":3,"column":22},"end":{"line":3,"column":23}},"loc":{"start":{"line":3,"column":40},"end":{"line":10,"column":1}},"line":3},"1":{"name":"(anonymous_1)","decl":{"start":{"line":5,"column":16},"end":{"line":5,"column":17}},"loc":{"start":{"line":5,"column":29},"end":{"line":7,"column":3}},"line":5}},"branchMap":{},"s":{"0":1,"1":1,"2":1,"3":3,"4":1,"5":1},"f":{"0":1,"1":3},"b":{},"_coverageSchema":"1a1c01bbd47fc00a2c39e90264f33305004495a9","hash":"232823cbd0935487a77ca4c5389da267e1d42f7a"}
,"E:\\Microverse_codes\\To-Do-List\\src\\__Mocks__\\edite-Mock.js": {"path":"E:\\Microverse_codes\\To-Do-List\\src\\__Mocks__\\edite-Mock.js","statementMap":{"0":{"start":{"line":3,"column":18},"end":{"line":8,"column":1}},"1":{"start":{"line":4,"column":2},"end":{"line":4,"column":41}},"2":{"start":{"line":6,"column":2},"end":{"line":6,"column":46}},"3":{"start":{"line":7,"column":2},"end":{"line":7,"column":15}}},"fnMap":{"0":{"name":"(anonymous_0)","decl":{"start":{"line":3,"column":18},"end":{"line":3,"column":19}},"loc":{"start":{"line":3,"column":49},"end":{"line":8,"column":1}},"line":3}},"branchMap":{},"s":{"0":1,"1":1,"2":1,"3":1},"f":{"0":1},"b":{},"_coverageSchema":"1a1c01bbd47fc00a2c39e90264f33305004495a9","hash":"6784c0aea5135040221968598655ab1c0485e05a"}
,"E:\\Microverse_codes\\To-Do-List\\src\\__Mocks__\\localStorageMock.js": {"path":"E:\\Microverse_codes\\To-Do-List\\src\\__Mocks__\\localStorageMock.js","statementMap":{"0":{"start":{"line":1,"column":11},"end":{"line":1,"column":13}},"1":{"start":{"line":2,"column":25},"end":{"line":7,"column":1}},"2":{"start":{"line":4,"column":4},"end":{"line":4,"column":19}},"3":{"start":{"line":6,"column":25},"end":{"line":6,"column":32}}},"fnMap":{"0":{"name":"(anonymous_0)","decl":{"start":{"line":3,"column":15},"end":{"line":3,"column":16}},"loc":{"start":{"line":3,"column":30},"end":{"line":5,"column":3}},"line":3},"1":{"name":"(anonymous_1)","decl":{"start":{"line":6,"column":16},"end":{"line":6,"column":17}},"loc":{"start":{"line":6,"column":25},"end":{"line":6,"column":32}},"line":6}},"branchMap":{},"s":{"0":6,"1":6,"2":7,"3":6},"f":{"0":7,"1":6},"b":{},"_coverageSchema":"1a1c01bbd47fc00a2c39e90264f33305004495a9","hash":"17df0cd52d9953febb158d0915b1e79fae6ef458"}
,"E:\\Microverse_codes\\To-Do-List\\src\\__Mocks__\\updateStatus.js": {"path":"E:\\Microverse_codes\\To-Do-List\\src\\__Mocks__\\updateStatus.js","statementMap":{"0":{"start":{"line":3,"column":15},"end":{"line":7,"column":1}},"1":{"start":{"line":4,"column":2},"end":{"line":4,"column":59}},"2":{"start":{"line":5,"column":2},"end":{"line":5,"column":46}},"3":{"start":{"line":6,"column":2},"end":{"line":6,"column":15}}},"fnMap":{"0":{"name":"(anonymous_0)","decl":{"start":{"line":3,"column":15},"end":{"line":3,"column":16}},"loc":{"start":{"line":3,"column":33},"end":{"line":7,"column":1}},"line":3}},"branchMap":{},"s":{"0":1,"1":1,"2":1,"3":1},"f":{"0":1},"b":{},"_coverageSchema":"1a1c01bbd47fc00a2c39e90264f33305004495a9","hash":"09bf489a7b84cbf0648a96cb5508f9c4222939cb"}
,"E:\\Microverse_codes\\To-Do-List\\src\\modules\\tasks.js": {"path":"E:\\Microverse_codes\\To-Do-List\\src\\modules\\tasks.js","statementMap":{"0":{"start":{"line":1,"column":14},"end":{"line":22,"column":1}}},"fnMap":{},"branchMap":{},"s":{"0":4},"f":{},"b":{},"_coverageSchema":"1a1c01bbd47fc00a2c39e90264f33305004495a9","hash":"aa9d73fc5ce55bbb8491dca40e38f10df8c50d7d"}
}
